This file contains any messages produced by compilers while
running configure, to aid debugging if configure makes a mistake.

It was created by configure, which was
generated by GNU Autoconf 2.69.  Invocation command line was

  $ ./configure 

## --------- ##
## Platform. ##
## --------- ##

hostname = CPLROOT
uname -m = i686
uname -r = 3.13.0-32-generic
uname -s = Linux
uname -v = #57~precise1-Ubuntu SMP Tue Jul 15 03:50:54 UTC 2014

/usr/bin/uname -p = unknown
/bin/uname -X     = unknown

/bin/arch              = unknown
/usr/bin/arch -k       = unknown
/usr/convex/getsysinfo = unknown
/usr/bin/hostinfo      = unknown
/bin/machine           = unknown
/usr/bin/oslevel       = unknown
/bin/universe          = unknown

PATH: /usr/local/sbin
PATH: /usr/local/bin
PATH: /usr/sbin
PATH: /usr/bin
PATH: /sbin
PATH: /bin
PATH: /usr/games


## ----------- ##
## Core tests. ##
## ----------- ##

configure:4598: checking build system type
configure:4612: result: i686-pc-linux-gnu
configure:4632: checking host system type
configure:4645: result: i686-pc-linux-gnu
configure:4665: checking target system type
configure:4678: result: i686-pc-linux-gnu
configure:4741: checking for working mkdir -p
configure:4757: result: yes
configure:4849: checking for chosen layout
configure:4851: result: apr
configure:5116: checking for gcc
configure:5132: found /usr/bin/gcc
configure:5143: result: gcc
configure:5372: checking for C compiler version
configure:5381: gcc --version >&5
gcc (Ubuntu/Linaro 4.6.3-1ubuntu5) 4.6.3
Copyright (C) 2011 Free Software Foundation, Inc.
This is free software; see the source for copying conditions.  There is NO
warranty; not even for MERCHANTABILITY or FITNESS FOR A PARTICULAR PURPOSE.

configure:5392: $? = 0
configure:5381: gcc -v >&5
Using built-in specs.
COLLECT_GCC=gcc
COLLECT_LTO_WRAPPER=/usr/lib/gcc/i686-linux-gnu/4.6/lto-wrapper
Target: i686-linux-gnu
Configured with: ../src/configure -v --with-pkgversion='Ubuntu/Linaro 4.6.3-1ubuntu5' --with-bugurl=file:///usr/share/doc/gcc-4.6/README.Bugs --enable-languages=c,c++,fortran,objc,obj-c++ --prefix=/usr --program-suffix=-4.6 --enable-shared --enable-linker-build-id --with-system-zlib --libexecdir=/usr/lib --without-included-gettext --enable-threads=posix --with-gxx-include-dir=/usr/include/c++/4.6 --libdir=/usr/lib --enable-nls --with-sysroot=/ --enable-clocale=gnu --enable-libstdcxx-debug --enable-libstdcxx-time=yes --enable-gnu-unique-object --enable-plugin --enable-objc-gc --enable-targets=all --disable-werror --with-arch-32=i686 --with-tune=generic --enable-checking=release --build=i686-linux-gnu --host=i686-linux-gnu --target=i686-linux-gnu
Thread model: posix
gcc version 4.6.3 (Ubuntu/Linaro 4.6.3-1ubuntu5) 
configure:5392: $? = 0
configure:5381: gcc -V >&5
gcc: error: unrecognized option '-V'
gcc: fatal error: no input files
compilation terminated.
configure:5392: $? = 4
configure:5381: gcc -qversion >&5
gcc: error: unrecognized option '-qversion'
gcc: fatal error: no input files
compilation terminated.
configure:5392: $? = 4
configure:5412: checking whether the C compiler works
configure:5434: gcc    conftest.c  >&5
configure:5438: $? = 0
configure:5486: result: yes
configure:5489: checking for C compiler default output file name
configure:5491: result: a.out
configure:5497: checking for suffix of executables
configure:5504: gcc -o conftest    conftest.c  >&5
configure:5508: $? = 0
configure:5530: result: 
configure:5552: checking whether we are cross compiling
configure:5560: gcc -o conftest    conftest.c  >&5
configure:5564: $? = 0
configure:5571: ./conftest
configure:5575: $? = 0
configure:5590: result: no
configure:5595: checking for suffix of object files
configure:5617: gcc -c   conftest.c >&5
configure:5621: $? = 0
configure:5642: result: o
configure:5646: checking whether we are using the GNU C compiler
configure:5665: gcc -c   conftest.c >&5
configure:5665: $? = 0
configure:5674: result: yes
configure:5683: checking whether gcc accepts -g
configure:5703: gcc -c -g  conftest.c >&5
configure:5703: $? = 0
configure:5744: result: yes
configure:5761: checking for gcc option to accept ISO C89
configure:5824: gcc  -c -g -O2  conftest.c >&5
configure:5824: $? = 0
configure:5837: result: none needed
configure:5858: checking for a sed that does not truncate output
configure:5922: result: /bin/sed
configure:9275: checking whether make sets $(MAKE)
configure:9297: result: yes
configure:9311: checking how to run the C preprocessor
configure:9342: gcc -E -DLINUX -D_REENTRANT -D_GNU_SOURCE conftest.c
configure:9342: $? = 0
configure:9356: gcc -E -DLINUX -D_REENTRANT -D_GNU_SOURCE conftest.c
conftest.c:9:28: fatal error: ac_nonexistent.h: No such file or directory
compilation terminated.
configure:9356: $? = 1
configure: failed program was:
| /* confdefs.h */
| #define PACKAGE_NAME ""
| #define PACKAGE_TARNAME ""
| #define PACKAGE_VERSION ""
| #define PACKAGE_STRING ""
| #define PACKAGE_BUGREPORT ""
| #define PACKAGE_URL ""
| /* end confdefs.h.  */
| #include <ac_nonexistent.h>
configure:9381: result: gcc -E
configure:9401: gcc -E -DLINUX -D_REENTRANT -D_GNU_SOURCE conftest.c
configure:9401: $? = 0
configure:9415: gcc -E -DLINUX -D_REENTRANT -D_GNU_SOURCE conftest.c
conftest.c:9:28: fatal error: ac_nonexistent.h: No such file or directory
compilation terminated.
configure:9415: $? = 1
configure: failed program was:
| /* confdefs.h */
| #define PACKAGE_NAME ""
| #define PACKAGE_TARNAME ""
| #define PACKAGE_VERSION ""
| #define PACKAGE_STRING ""
| #define PACKAGE_BUGREPORT ""
| #define PACKAGE_URL ""
| /* end confdefs.h.  */
| #include <ac_nonexistent.h>
configure:9447: checking for gawk
configure:9477: result: no
configure:9447: checking for mawk
configure:9463: found /usr/bin/mawk
configure:9474: result: mawk
configure:9485: checking whether ln -s works
configure:9489: result: yes
configure:9539: checking for ranlib
configure:9555: found /usr/bin/ranlib
configure:9566: result: ranlib
configure:9602: checking for a BSD-compatible install
configure:9670: result: /usr/bin/install -c
configure:9683: checking for rm
configure:9699: found /bin/rm
configure:9710: result: rm
configure:9720: checking for as
configure:9736: found /usr/bin/as
configure:9747: result: as
configure:9757: checking for cpp
configure:9773: found /usr/bin/cpp
configure:9784: result: cpp
configure:9835: checking for ar
configure:9851: found /usr/bin/ar
configure:9862: result: ar
configure:9888: checking for grep that handles long lines and -e
configure:9946: result: /bin/grep
configure:9951: checking for egrep
configure:10013: result: /bin/grep -E
configure:10018: checking for ANSI C header files
configure:10038: gcc -c -g -O2 -DLINUX -D_REENTRANT -D_GNU_SOURCE conftest.c >&5
configure:10038: $? = 0
configure:10111: gcc -o conftest -g -O2 -DLINUX -D_REENTRANT -D_GNU_SOURCE  conftest.c  >&5
configure:10111: $? = 0
configure:10111: ./conftest
configure:10111: $? = 0
configure:10122: result: yes
configure:10135: checking for sys/types.h
configure:10135: gcc -c -g -O2 -DLINUX -D_REENTRANT -D_GNU_SOURCE conftest.c >&5
configure:10135: $? = 0
configure:10135: result: yes
configure:10135: checking for sys/stat.h
configure:10135: gcc -c -g -O2 -DLINUX -D_REENTRANT -D_GNU_SOURCE conftest.c >&5
configure:10135: $? = 0
configure:10135: result: yes
configure:10135: checking for stdlib.h
configure:10135: gcc -c -g -O2 -DLINUX -D_REENTRANT -D_GNU_SOURCE conftest.c >&5
configure:10135: $? = 0
configure:10135: result: yes
configure:10135: checking for string.h
configure:10135: gcc -c -g -O2 -DLINUX -D_REENTRANT -D_GNU_SOURCE conftest.c >&5
configure:10135: $? = 0
configure:10135: result: yes
configure:10135: checking for memory.h
configure:10135: gcc -c -g -O2 -DLINUX -D_REENTRANT -D_GNU_SOURCE conftest.c >&5
configure:10135: $? = 0
configure:10135: result: yes
configure:10135: checking for strings.h
configure:10135: gcc -c -g -O2 -DLINUX -D_REENTRANT -D_GNU_SOURCE conftest.c >&5
configure:10135: $? = 0
configure:10135: result: yes
configure:10135: checking for inttypes.h
configure:10135: gcc -c -g -O2 -DLINUX -D_REENTRANT -D_GNU_SOURCE conftest.c >&5
configure:10135: $? = 0
configure:10135: result: yes
configure:10135: checking for stdint.h
configure:10135: gcc -c -g -O2 -DLINUX -D_REENTRANT -D_GNU_SOURCE conftest.c >&5
configure:10135: $? = 0
configure:10135: result: yes
configure:10135: checking for unistd.h
configure:10135: gcc -c -g -O2 -DLINUX -D_REENTRANT -D_GNU_SOURCE conftest.c >&5
configure:10135: $? = 0
configure:10135: result: yes
configure:10148: checking minix/config.h usability
configure:10148: gcc -c -g -O2 -DLINUX -D_REENTRANT -D_GNU_SOURCE conftest.c >&5
conftest.c:52:26: fatal error: minix/config.h: No such file or directory
compilation terminated.
configure:10148: $? = 1
configure: failed program was:
| /* confdefs.h */
| #define PACKAGE_NAME ""
| #define PACKAGE_TARNAME ""
| #define PACKAGE_VERSION ""
| #define PACKAGE_STRING ""
| #define PACKAGE_BUGREPORT ""
| #define PACKAGE_URL ""
| #define STDC_HEADERS 1
| #define HAVE_SYS_TYPES_H 1
| #define HAVE_SYS_STAT_H 1
| #define HAVE_STDLIB_H 1
| #define HAVE_STRING_H 1
| #define HAVE_MEMORY_H 1
| #define HAVE_STRINGS_H 1
| #define HAVE_INTTYPES_H 1
| #define HAVE_STDINT_H 1
| #define HAVE_UNISTD_H 1
| /* end confdefs.h.  */
| #include <stdio.h>
| #ifdef HAVE_SYS_TYPES_H
| # include <sys/types.h>
| #endif
| #ifdef HAVE_SYS_STAT_H
| # include <sys/stat.h>
| #endif
| #ifdef STDC_HEADERS
| # include <stdlib.h>
| # include <stddef.h>
| #else
| # ifdef HAVE_STDLIB_H
| #  include <stdlib.h>
| # endif
| #endif
| #ifdef HAVE_STRING_H
| # if !defined STDC_HEADERS && defined HAVE_MEMORY_H
| #  include <memory.h>
| # endif
| # include <string.h>
| #endif
| #ifdef HAVE_STRINGS_H
| # include <strings.h>
| #endif
| #ifdef HAVE_INTTYPES_H
| # include <inttypes.h>
| #endif
| #ifdef HAVE_STDINT_H
| # include <stdint.h>
| #endif
| #ifdef HAVE_UNISTD_H
| # include <unistd.h>
| #endif
| #include <minix/config.h>
configure:10148: result: no
configure:10148: checking minix/config.h presence
configure:10148: gcc -E -DLINUX -D_REENTRANT -D_GNU_SOURCE conftest.c

## ---------------- ##
## Cache variables. ##
## ---------------- ##

ac_cv_build=i686-pc-linux-gnu
ac_cv_c_compiler_gnu=yes
ac_cv_env_CC_set=
ac_cv_env_CC_value=
ac_cv_env_CFLAGS_set=
ac_cv_env_CFLAGS_value=
ac_cv_env_CPPFLAGS_set=
ac_cv_env_CPPFLAGS_value=
ac_cv_env_CPP_set=
ac_cv_env_CPP_value=
ac_cv_env_LDFLAGS_set=
ac_cv_env_LDFLAGS_value=
ac_cv_env_LIBS_set=
ac_cv_env_LIBS_value=
ac_cv_env_build_alias_set=
ac_cv_env_build_alias_value=
ac_cv_env_host_alias_set=
ac_cv_env_host_alias_value=
ac_cv_env_target_alias_set=
ac_cv_env_target_alias_value=
ac_cv_header_inttypes_h=yes
ac_cv_header_memory_h=yes
ac_cv_header_stdc=yes
ac_cv_header_stdint_h=yes
ac_cv_header_stdlib_h=yes
ac_cv_header_string_h=yes
ac_cv_header_strings_h=yes
ac_cv_header_sys_stat_h=yes
ac_cv_header_sys_types_h=yes
ac_cv_header_unistd_h=yes
ac_cv_host=i686-pc-linux-gnu
ac_cv_mkdir_p=yes
ac_cv_objext=o
ac_cv_path_EGREP='/bin/grep -E'
ac_cv_path_GREP=/bin/grep
ac_cv_path_SED=/bin/sed
ac_cv_path_install='/usr/bin/install -c'
ac_cv_prog_AS=as
ac_cv_prog_ASCPP=cpp
ac_cv_prog_AWK=mawk
ac_cv_prog_CPP='gcc -E'
ac_cv_prog_RM=rm
ac_cv_prog_ac_ct_AR=ar
ac_cv_prog_ac_ct_CC=gcc
ac_cv_prog_ac_ct_RANLIB=ranlib
ac_cv_prog_cc_c89=
ac_cv_prog_cc_g=yes
ac_cv_prog_make_make_set=yes
ac_cv_target=i686-pc-linux-gnu

## ----------------- ##
## Output variables. ##
## ----------------- ##

ALLOCA=''
APR_CONFIG_LOCATION='source'
APR_DOTTED_VERSION='1.5.2'
APR_LIBNAME=''
APR_MAJOR_VERSION='1'
AR='ar'
AS='as'
ASCPP='cpp'
AWK='mawk'
CC='gcc'
CFLAGS='-g -O2'
CPP='gcc -E'
CPPFLAGS='-DLINUX -D_REENTRANT -D_GNU_SOURCE'
DEFAULT_OSDIR='unix'
DEFS=''
DLLTOOL=''
DSYMUTIL=''
DUMPBIN=''
ECHO_C=''
ECHO_N='-n'
ECHO_T=''
EGREP='/bin/grep -E'
EXEEXT=''
EXTRA_CFLAGS=''
EXTRA_CPPFLAGS=''
EXTRA_INCLUDES=''
EXTRA_LDFLAGS=''
EXTRA_LIBS=''
FGREP=''
GREP='/bin/grep'
INCLUDES=''
INCLUDE_OUTPUTS=''
INCLUDE_RULES=''
INSTALL_DATA='${INSTALL} -m 644'
INSTALL_PROGRAM='${INSTALL}'
INSTALL_SCRIPT='${INSTALL}'
INSTALL_SUBDIRS=''
INTERNAL_CPPFLAGS=''
LD=''
LDFLAGS=''
LDLIBS=''
LIBOBJS=''
LIBS=''
LIBTOOL=''
LIBTOOL_LIBS=''
LIPO=''
LN_S='ln -s'
LTFLAGS=''
LTLIBOBJS=''
LT_LDFLAGS=''
LT_NO_INSTALL=''
LT_VERSION=''
MANIFEST_TOOL=''
MKDEP=''
NM=''
NMEDIT=''
NOTEST_CFLAGS=''
NOTEST_CPPFLAGS=''
NOTEST_INCLUDES=''
NOTEST_LDFLAGS=''
NOTEST_LIBS=''
OBJDUMP=''
OBJECTS_PLATFORM=''
OBJEXT='o'
OSDIR=''
OTOOL64=''
OTOOL=''
PACKAGE_BUGREPORT=''
PACKAGE_NAME=''
PACKAGE_STRING=''
PACKAGE_TARNAME=''
PACKAGE_URL=''
PACKAGE_VERSION=''
PATH_SEPARATOR=':'
RANLIB='ranlib'
RM='rm'
SED='/bin/sed'
SET_MAKE=''
SHELL='/bin/bash'
STRIP=''
ac_ct_AR='ar'
ac_ct_CC='gcc'
ac_ct_DUMPBIN=''
acceptfilter=''
apr_builddir='/home/work/webENV/httpd-2.4.18/srclib/apr-1.5.2'
apr_builders='/home/work/webENV/httpd-2.4.18/srclib/apr-1.5.2/build'
apr_charset_ebcdic=''
apr_has_user=''
apr_has_xthread_files=''
apr_inaddr_none=''
apr_procattr_user_set_requires_password=''
apr_srcdir='/home/work/webENV/httpd-2.4.18/srclib/apr-1.5.2'
apr_tcp_nopush_flag=''
apr_thread_func=''
aprdso=''
aprlfs=''
arpa_ineth=''
bigendian=''
bindir='${exec_prefix}/bin'
build='i686-pc-linux-gnu'
build_alias=''
build_cpu='i686'
build_os='linux-gnu'
build_vendor='pc'
conioh=''
crypth=''
ctypeh=''
datadir='${prefix}'
datarootdir='${prefix}/share'
direnth=''
docdir='${datarootdir}/doc/${PACKAGE}'
dvidir='${docdir}'
eolstr=''
errnoh=''
exec_prefix='${prefix}'
export_lib_target=''
fcntlh=''
fcntlser=''
file_as_socket=''
flockser=''
fork=''
hasfcntlser=''
hasflockser=''
hasposixser=''
hasprocpthreadser=''
hassysvser=''
have_corkable_tcp=''
have_getrlimit=''
have_in_addr=''
have_inet_addr=''
have_inet_network=''
have_iovec=''
have_ipv6=''
have_memchr=''
have_memmove=''
have_proc_invoked=''
have_sa_storage=''
have_sctp=''
have_setrlimit=''
have_sigaction=''
have_sigsuspend=''
have_sigwait=''
have_strcasecmp=''
have_strdup=''
have_stricmp=''
have_strncasecmp=''
have_strnicmp=''
have_strstr=''
have_unicode_fs=''
have_union_semun=''
havebeosarea=''
havemmapanon=''
havemmapshm=''
havemmaptmp=''
havemmapzero=''
haveos2shm=''
haveshmget=''
haveshmgetanon=''
havewin32shm=''
host='i686-pc-linux-gnu'
host_alias=''
host_cpu='i686'
host_os='linux-gnu'
host_vendor='pc'
htmldir='${docdir}'
includedir='${prefix}/include/apr-${APR_MAJOR_VERSION}'
infodir='${datarootdir}/info'
ino_t_value=''
installbuilddir='${datadir}/build-${APR_MAJOR_VERSION}'
int64_literal=''
int64_t_fmt=''
int64_value=''
int_value=''
ioh=''
lib_target=''
libdir='${exec_prefix}/lib'
libexecdir='${exec_prefix}/modules'
limitsh=''
link=''
localedir='${datarootdir}/locale'
localstatedir='${prefix}'
long_value=''
lt_compile=''
mandir='${prefix}/man'
mmap=''
netdbh=''
netinet_inh=''
netinet_sctp_uioh=''
netinet_sctph=''
netinet_tcph=''
o_nonblock_inherited=''
oc=''
off_t_fmt=''
off_t_value=''
oldincludedir='/usr/include'
osuuid=''
pdfdir='${docdir}'
pid_t_fmt=''
posixser=''
prefix='/usr/local/apr'
proc_mutex_is_global=''
processh=''
proclockglobal=''
procpthreadser=''
program_transform_name='s,x,x,'
psdir='${docdir}'
pthreadh=''
pthreadser=''
rand=''
sbindir='${exec_prefix}/bin'
semaphoreh=''
sendfile=''
sharedmem=''
sharedstatedir='${prefix}/com'
shlibpath_var=''
short_value=''
signalh=''
size_t_fmt=''
size_t_value=''
so_ext=''
socklen_t_value=''
ssize_t_fmt=''
ssize_t_value=''
stdargh=''
stdint=''
stdioh=''
stdlibh=''
stringh=''
stringsh=''
struct_rlimit=''
sys_ioctlh=''
sys_sendfileh=''
sys_signalh=''
sys_socketh=''
sys_sockioh=''
sys_syslimitsh=''
sys_timeh=''
sys_typesh=''
sys_uioh=''
sys_unh=''
sys_waith=''
sysconfdir='${prefix}/conf'
sysvser=''
target='i686-pc-linux-gnu'
target_alias=''
target_cpu='i686'
target_os='linux-gnu'
target_vendor='pc'
tcp_nodelay_inherited=''
threads=''
timeh=''
top_builddir='/home/work/webENV/httpd-2.4.18/srclib/apr-1.5.2'
uint64_literal=''
uint64_t_fmt=''
uint64_t_hex_fmt=''
unistdh=''
usebeosarea=''
usemmapanon=''
usemmapshm=''
usemmaptmp=''
usemmapzero=''
useos2shm=''
useshmget=''
useshmgetanon=''
usewin32shm=''
voidp_size=''
windowsh=''
winsock2h=''

## ----------- ##
## confdefs.h. ##
## ----------- ##

/* confdefs.h */
#define PACKAGE_NAME ""
#define PACKAGE_TARNAME ""
#define PACKAGE_VERSION ""
#define PACKAGE_STRING ""
#define PACKAGE_BUGREPORT ""
#define PACKAGE_URL ""
#define STDC_HEADERS 1
#define HAVE_SYS_TYPES_H 1
#define HAVE_SYS_STAT_H 1
#define HAVE_STDLIB_H 1
#define HAVE_STRING_H 1
#define HAVE_MEMORY_H 1
#define HAVE_STRINGS_H 1
#define HAVE_INTTYPES_H 1
#define HAVE_STDINT_H 1
#define HAVE_UNISTD_H 1

configure: caught signal 2
configure: exit 1
